{"C:\\Users\\gabe_\\OneDrive\\Documents\\GitHub\\Meet\\src\\App.jsx": {"path":"C:\\Users\\gabe_\\OneDrive\\Documents\\GitHub\\Meet\\src\\App.jsx","statementMap":{"0":{"start":{"line":10,"column":42},"end":{"line":10,"column":54}},"1":{"start":{"line":11,"column":38},"end":{"line":11,"column":50}},"2":{"start":{"line":12,"column":30},"end":{"line":12,"column":42}},"3":{"start":{"line":13,"column":40},"end":{"line":13,"column":66}},"4":{"start":{"line":15,"column":20},"end":{"line":22,"column":3}},"5":{"start":{"line":16,"column":22},"end":{"line":16,"column":39}},"6":{"start":{"line":17,"column":27},"end":{"line":19,"column":63}},"7":{"start":{"line":19,"column":32},"end":{"line":19,"column":62}},"8":{"start":{"line":20,"column":4},"end":{"line":20,"column":51}},"9":{"start":{"line":21,"column":4},"end":{"line":21,"column":49}},"10":{"start":{"line":24,"column":2},"end":{"line":26,"column":20}},"11":{"start":{"line":25,"column":4},"end":{"line":25,"column":16}},"12":{"start":{"line":28,"column":2},"end":{"line":34,"column":4}}},"fnMap":{"0":{"name":"App","decl":{"start":{"line":9,"column":9},"end":{"line":9,"column":12}},"loc":{"start":{"line":9,"column":15},"end":{"line":35,"column":1}},"line":9},"1":{"name":"(anonymous_1)","decl":{"start":{"line":15,"column":20},"end":{"line":15,"column":21}},"loc":{"start":{"line":15,"column":32},"end":{"line":22,"column":3}},"line":15},"2":{"name":"(anonymous_2)","decl":{"start":{"line":19,"column":23},"end":{"line":19,"column":24}},"loc":{"start":{"line":19,"column":32},"end":{"line":19,"column":62}},"line":19},"3":{"name":"(anonymous_3)","decl":{"start":{"line":24,"column":12},"end":{"line":24,"column":13}},"loc":{"start":{"line":24,"column":18},"end":{"line":26,"column":3}},"line":24}},"branchMap":{"0":{"loc":{"start":{"line":17,"column":27},"end":{"line":19,"column":63}},"type":"cond-expr","locations":[{"start":{"line":18,"column":6},"end":{"line":18,"column":15}},{"start":{"line":19,"column":6},"end":{"line":19,"column":63}}],"line":17}},"s":{"0":14,"1":14,"2":14,"3":14,"4":14,"5":7,"6":7,"7":35,"8":7,"9":7,"10":14,"11":7,"12":14},"f":{"0":14,"1":7,"2":35,"3":7},"b":{"0":[6,1]},"_coverageSchema":"1a1c01bbd47fc00a2c39e90264f33305004495a9","hash":"4afaa4d327197292ca620da3fe06ed9c11218998"}
,"C:\\Users\\gabe_\\OneDrive\\Documents\\GitHub\\Meet\\src\\api.js": {"path":"C:\\Users\\gabe_\\OneDrive\\Documents\\GitHub\\Meet\\src\\api.js","statementMap":{"0":{"start":{"line":3,"column":32},"end":{"line":7,"column":1}},"1":{"start":{"line":4,"column":31},"end":{"line":4,"column":68}},"2":{"start":{"line":4,"column":53},"end":{"line":4,"column":67}},"3":{"start":{"line":5,"column":22},"end":{"line":5,"column":54}},"4":{"start":{"line":6,"column":4},"end":{"line":6,"column":21}},"5":{"start":{"line":9,"column":25},"end":{"line":11,"column":1}},"6":{"start":{"line":10,"column":4},"end":{"line":10,"column":20}}},"fnMap":{"0":{"name":"(anonymous_0)","decl":{"start":{"line":3,"column":32},"end":{"line":3,"column":33}},"loc":{"start":{"line":3,"column":44},"end":{"line":7,"column":1}},"line":3},"1":{"name":"(anonymous_1)","decl":{"start":{"line":4,"column":42},"end":{"line":4,"column":43}},"loc":{"start":{"line":4,"column":53},"end":{"line":4,"column":67}},"line":4},"2":{"name":"(anonymous_2)","decl":{"start":{"line":9,"column":25},"end":{"line":9,"column":26}},"loc":{"start":{"line":9,"column":37},"end":{"line":11,"column":1}},"line":9}},"branchMap":{},"s":{"0":3,"1":10,"2":350,"3":10,"4":10,"5":3,"6":12},"f":{"0":10,"1":350,"2":12},"b":{},"_coverageSchema":"1a1c01bbd47fc00a2c39e90264f33305004495a9","hash":"adf3bd379141f0f0066c2c59342de8ebed401a4b"}
,"C:\\Users\\gabe_\\OneDrive\\Documents\\GitHub\\Meet\\src\\mock-data.js": {"path":"C:\\Users\\gabe_\\OneDrive\\Documents\\GitHub\\Meet\\src\\mock-data.js","statementMap":{"0":{"start":{"line":1,"column":17},"end":{"line":1367,"column":2}}},"fnMap":{},"branchMap":{},"s":{"0":4},"f":{},"b":{},"_coverageSchema":"1a1c01bbd47fc00a2c39e90264f33305004495a9","hash":"d2f49f38db870ffb4fcff4d2180ef9e584aca7ce"}
,"C:\\Users\\gabe_\\OneDrive\\Documents\\GitHub\\Meet\\src\\components\\CitySearch.jsx": {"path":"C:\\Users\\gabe_\\OneDrive\\Documents\\GitHub\\Meet\\src\\components\\CitySearch.jsx","statementMap":{"0":{"start":{"line":3,"column":19},"end":{"line":52,"column":1}},"1":{"start":{"line":4,"column":50},"end":{"line":4,"column":65}},"2":{"start":{"line":5,"column":30},"end":{"line":5,"column":42}},"3":{"start":{"line":6,"column":42},"end":{"line":6,"column":54}},"4":{"start":{"line":8,"column":4},"end":{"line":10,"column":28}},"5":{"start":{"line":9,"column":8},"end":{"line":9,"column":37}},"6":{"start":{"line":13,"column":31},"end":{"line":21,"column":1}},"7":{"start":{"line":14,"column":18},"end":{"line":14,"column":36}},"8":{"start":{"line":15,"column":30},"end":{"line":17,"column":11}},"9":{"start":{"line":16,"column":8},"end":{"line":16,"column":72}},"10":{"start":{"line":19,"column":4},"end":{"line":19,"column":20}},"11":{"start":{"line":20,"column":4},"end":{"line":20,"column":38}},"12":{"start":{"line":23,"column":30},"end":{"line":28,"column":5}},"13":{"start":{"line":24,"column":22},"end":{"line":24,"column":46}},"14":{"start":{"line":25,"column":8},"end":{"line":25,"column":24}},"15":{"start":{"line":26,"column":8},"end":{"line":26,"column":34}},"16":{"start":{"line":27,"column":8},"end":{"line":27,"column":30}},"17":{"start":{"line":30,"column":4},"end":{"line":51,"column":5}},"18":{"start":{"line":37,"column":31},"end":{"line":37,"column":55}},"19":{"start":{"line":43,"column":24},"end":{"line":43,"column":97}}},"fnMap":{"0":{"name":"(anonymous_0)","decl":{"start":{"line":3,"column":19},"end":{"line":3,"column":20}},"loc":{"start":{"line":3,"column":57},"end":{"line":52,"column":1}},"line":3},"1":{"name":"(anonymous_1)","decl":{"start":{"line":8,"column":14},"end":{"line":8,"column":15}},"loc":{"start":{"line":8,"column":20},"end":{"line":10,"column":5}},"line":8},"2":{"name":"(anonymous_2)","decl":{"start":{"line":13,"column":31},"end":{"line":13,"column":32}},"loc":{"start":{"line":13,"column":42},"end":{"line":21,"column":1}},"line":13},"3":{"name":"(anonymous_3)","decl":{"start":{"line":15,"column":65},"end":{"line":15,"column":66}},"loc":{"start":{"line":15,"column":79},"end":{"line":17,"column":5}},"line":15},"4":{"name":"(anonymous_4)","decl":{"start":{"line":23,"column":30},"end":{"line":23,"column":31}},"loc":{"start":{"line":23,"column":41},"end":{"line":28,"column":5}},"line":23},"5":{"name":"(anonymous_5)","decl":{"start":{"line":37,"column":25},"end":{"line":37,"column":26}},"loc":{"start":{"line":37,"column":31},"end":{"line":37,"column":55}},"line":37},"6":{"name":"(anonymous_6)","decl":{"start":{"line":42,"column":37},"end":{"line":42,"column":38}},"loc":{"start":{"line":42,"column":53},"end":{"line":44,"column":21}},"line":42}},"branchMap":{"0":{"loc":{"start":{"line":15,"column":30},"end":{"line":17,"column":11}},"type":"cond-expr","locations":[{"start":{"line":15,"column":45},"end":{"line":17,"column":6}},{"start":{"line":17,"column":9},"end":{"line":17,"column":11}}],"line":15},"1":{"loc":{"start":{"line":40,"column":13},"end":{"line":49,"column":22}},"type":"cond-expr","locations":[{"start":{"line":41,"column":16},"end":{"line":48,"column":21}},{"start":{"line":49,"column":18},"end":{"line":49,"column":22}}],"line":40}},"s":{"0":3,"1":64,"2":64,"3":64,"4":64,"5":19,"6":64,"7":18,"8":18,"9":36,"10":18,"11":18,"12":64,"13":2,"14":2,"15":2,"16":2,"17":64,"18":5,"19":26},"f":{"0":64,"1":19,"2":18,"3":36,"4":2,"5":5,"6":26},"b":{"0":[18,0],"1":[25,39]},"_coverageSchema":"1a1c01bbd47fc00a2c39e90264f33305004495a9","hash":"eddc689e061a19364afe5f7b1de8298a08a0191e"}
,"C:\\Users\\gabe_\\OneDrive\\Documents\\GitHub\\Meet\\src\\components\\Event.jsx": {"path":"C:\\Users\\gabe_\\OneDrive\\Documents\\GitHub\\Meet\\src\\components\\Event.jsx","statementMap":{"0":{"start":{"line":3,"column":14},"end":{"line":19,"column":1}},"1":{"start":{"line":4,"column":42},"end":{"line":4,"column":57}},"2":{"start":{"line":6,"column":4},"end":{"line":18,"column":6}},"3":{"start":{"line":11,"column":35},"end":{"line":11,"column":63}}},"fnMap":{"0":{"name":"(anonymous_0)","decl":{"start":{"line":3,"column":14},"end":{"line":3,"column":15}},"loc":{"start":{"line":3,"column":29},"end":{"line":19,"column":1}},"line":3},"1":{"name":"(anonymous_1)","decl":{"start":{"line":11,"column":29},"end":{"line":11,"column":30}},"loc":{"start":{"line":11,"column":35},"end":{"line":11,"column":63}},"line":11}},"branchMap":{"0":{"loc":{"start":{"line":12,"column":17},"end":{"line":12,"column":62}},"type":"cond-expr","locations":[{"start":{"line":12,"column":31},"end":{"line":12,"column":45}},{"start":{"line":12,"column":48},"end":{"line":12,"column":62}}],"line":12},"1":{"loc":{"start":{"line":14,"column":13},"end":{"line":16,"column":13}},"type":"binary-expr","locations":[{"start":{"line":14,"column":13},"end":{"line":14,"column":24}},{"start":{"line":15,"column":16},"end":{"line":15,"column":42}}],"line":14}},"s":{"0":4,"1":285,"2":285,"3":3},"f":{"0":285,"1":3},"b":{"0":[2,283],"1":[285,2]},"_coverageSchema":"1a1c01bbd47fc00a2c39e90264f33305004495a9","hash":"89a6989d0b2c34284d84da7eade5bb162fa19a67"}
,"C:\\Users\\gabe_\\OneDrive\\Documents\\GitHub\\Meet\\src\\components\\EventList.jsx": {"path":"C:\\Users\\gabe_\\OneDrive\\Documents\\GitHub\\Meet\\src\\components\\EventList.jsx","statementMap":{"0":{"start":{"line":4,"column":18},"end":{"line":16,"column":1}},"1":{"start":{"line":5,"column":4},"end":{"line":15,"column":6}},"2":{"start":{"line":9,"column":20},"end":{"line":11,"column":25}}},"fnMap":{"0":{"name":"(anonymous_0)","decl":{"start":{"line":4,"column":18},"end":{"line":4,"column":19}},"loc":{"start":{"line":4,"column":34},"end":{"line":16,"column":1}},"line":4},"1":{"name":"(anonymous_1)","decl":{"start":{"line":8,"column":27},"end":{"line":8,"column":28}},"loc":{"start":{"line":9,"column":20},"end":{"line":11,"column":25}},"line":9}},"branchMap":{"0":{"loc":{"start":{"line":7,"column":13},"end":{"line":13,"column":20}},"type":"cond-expr","locations":[{"start":{"line":8,"column":16},"end":{"line":12,"column":18}},{"start":{"line":13,"column":16},"end":{"line":13,"column":20}}],"line":7}},"s":{"0":3,"1":17,"2":276},"f":{"0":17,"1":276},"b":{"0":[15,2]},"_coverageSchema":"1a1c01bbd47fc00a2c39e90264f33305004495a9","hash":"53c8e978d1af8043e8cd3f7072e7a69420a1b285"}
,"C:\\Users\\gabe_\\OneDrive\\Documents\\GitHub\\Meet\\src\\components\\NumberOfEvents.jsx": {"path":"C:\\Users\\gabe_\\OneDrive\\Documents\\GitHub\\Meet\\src\\components\\NumberOfEvents.jsx","statementMap":{"0":{"start":{"line":3,"column":23},"end":{"line":10,"column":1}},"1":{"start":{"line":4,"column":30},"end":{"line":4,"column":42}},"2":{"start":{"line":5,"column":4},"end":{"line":9,"column":6}},"3":{"start":{"line":7,"column":50},"end":{"line":7,"column":74}}},"fnMap":{"0":{"name":"(anonymous_0)","decl":{"start":{"line":3,"column":23},"end":{"line":3,"column":24}},"loc":{"start":{"line":3,"column":29},"end":{"line":10,"column":1}},"line":3},"1":{"name":"(anonymous_1)","decl":{"start":{"line":7,"column":43},"end":{"line":7,"column":44}},"loc":{"start":{"line":7,"column":50},"end":{"line":7,"column":74}},"line":7}},"branchMap":{},"s":{"0":4,"1":21,"2":21,"3":4},"f":{"0":21,"1":4},"b":{},"_coverageSchema":"1a1c01bbd47fc00a2c39e90264f33305004495a9","hash":"b900a49c77fd619fd1bd9eb8813a787a997f8fb3"}
}
