TN:
SF:src\App.jsx
FN:9,App
FN:15,(anonymous_1)
FN:19,(anonymous_2)
FN:24,(anonymous_3)
FNF:4
FNH:4
FNDA:14,App
FNDA:7,(anonymous_1)
FNDA:35,(anonymous_2)
FNDA:7,(anonymous_3)
DA:10,14
DA:11,14
DA:12,14
DA:13,14
DA:15,14
DA:16,7
DA:17,7
DA:19,35
DA:20,7
DA:21,7
DA:24,14
DA:25,7
DA:28,14
LF:13
LH:13
BRDA:17,0,0,6
BRDA:17,0,1,1
BRF:2
BRH:2
end_of_record
TN:
SF:src\api.js
FN:3,(anonymous_0)
FN:4,(anonymous_1)
FN:9,(anonymous_2)
FNF:3
FNH:3
FNDA:10,(anonymous_0)
FNDA:350,(anonymous_1)
FNDA:12,(anonymous_2)
DA:3,3
DA:4,350
DA:5,10
DA:6,10
DA:9,3
DA:10,12
LF:6
LH:6
BRF:0
BRH:0
end_of_record
TN:
SF:src\mock-data.js
FNF:0
FNH:0
DA:1,4
LF:1
LH:1
BRF:0
BRH:0
end_of_record
TN:
SF:src\components\CitySearch.jsx
FN:3,(anonymous_0)
FN:8,(anonymous_1)
FN:13,(anonymous_2)
FN:15,(anonymous_3)
FN:23,(anonymous_4)
FN:37,(anonymous_5)
FN:42,(anonymous_6)
FNF:7
FNH:7
FNDA:64,(anonymous_0)
FNDA:19,(anonymous_1)
FNDA:18,(anonymous_2)
FNDA:36,(anonymous_3)
FNDA:2,(anonymous_4)
FNDA:5,(anonymous_5)
FNDA:26,(anonymous_6)
DA:3,3
DA:4,64
DA:5,64
DA:6,64
DA:8,64
DA:9,19
DA:13,64
DA:14,18
DA:15,18
DA:16,36
DA:19,18
DA:20,18
DA:23,64
DA:24,2
DA:25,2
DA:26,2
DA:27,2
DA:30,64
DA:37,5
DA:43,26
LF:20
LH:20
BRDA:15,0,0,18
BRDA:15,0,1,0
BRDA:40,1,0,25
BRDA:40,1,1,39
BRF:4
BRH:3
end_of_record
TN:
SF:src\components\Event.jsx
FN:3,(anonymous_0)
FN:11,(anonymous_1)
FNF:2
FNH:2
FNDA:285,(anonymous_0)
FNDA:3,(anonymous_1)
DA:3,4
DA:4,285
DA:6,285
DA:11,3
LF:4
LH:4
BRDA:12,0,0,2
BRDA:12,0,1,283
BRDA:14,1,0,285
BRDA:14,1,1,2
BRF:4
BRH:4
end_of_record
TN:
SF:src\components\EventList.jsx
FN:4,(anonymous_0)
FN:8,(anonymous_1)
FNF:2
FNH:2
FNDA:17,(anonymous_0)
FNDA:276,(anonymous_1)
DA:4,3
DA:5,17
DA:9,276
LF:3
LH:3
BRDA:7,0,0,15
BRDA:7,0,1,2
BRF:2
BRH:2
end_of_record
TN:
SF:src\components\NumberOfEvents.jsx
FN:3,(anonymous_0)
FN:7,(anonymous_1)
FNF:2
FNH:2
FNDA:21,(anonymous_0)
FNDA:4,(anonymous_1)
DA:3,4
DA:4,21
DA:5,21
DA:7,4
LF:4
LH:4
BRF:0
BRH:0
end_of_record
